<?xml version="1.0" encoding="UTF-8"?>
<!-- Generated by org.testng.reporters.JUnitXMLReporter -->
<testsuite hostname="Digisol" ignored="1" name="Test" tests="2" failures="0" timestamp="2022-11-02T11:52:15 IST" time="44.877" errors="0">
  <testcase name="createProject" time="0.016" classname="com.actitime.testscript.ProjectModule"/>
  <testcase name="createCustomer" time="0.002" classname="com.actitime.testscript.CustomerModule"/>
  <testcase name="createTask" time="0.0" classname="com.actitime.testscript.TaskModule">
    <ignored/>
  </testcase> <!-- createTask -->
</testsuite> <!-- Test -->
