<?xml version="1.0" encoding="UTF-8"?>
<testng-results skipped="0" failed="0" ignored="0" total="1" passed="1">
  <reporter-output>
    <line>
      <![CDATA[open browser]]>
    </line>
    <line>
      <![CDATA[login]]>
    </line>
    <line>
      <![CDATA[vicky ]]>
    </line>
    <line>
      <![CDATA[logout]]>
    </line>
    <line>
      <![CDATA[close browser]]>
    </line>
  </reporter-output>
  <suite name="Default suite" duration-ms="51848" started-at="2022-11-03T23:20:00 IST" finished-at="2022-11-03T23:20:51 IST">
    <groups>
    </groups>
    <test name="Default test" duration-ms="51848" started-at="2022-11-03T23:20:00 IST" finished-at="2022-11-03T23:20:51 IST">
      <class name="com.actitime.testscript.CustomerModule">
        <test-method status="PASS" signature="OpenBrowser()[pri:0, instance:com.actitime.testscript.CustomerModule@5f3a4b84]" name="OpenBrowser" is-config="true" duration-ms="2399" started-at="2022-11-03T23:20:00 IST" finished-at="2022-11-03T23:20:02 IST">
          <reporter-output>
            <line>
              <![CDATA[open browser]]>
            </line>
          </reporter-output>
        </test-method> <!-- OpenBrowser -->
        <test-method status="PASS" signature="login()[pri:0, instance:com.actitime.testscript.CustomerModule@5f3a4b84]" name="login" is-config="true" duration-ms="36864" started-at="2022-11-03T23:20:02 IST" finished-at="2022-11-03T23:20:39 IST">
          <reporter-output>
            <line>
              <![CDATA[login]]>
            </line>
          </reporter-output>
        </test-method> <!-- login -->
        <test-method status="PASS" signature="createCustomer()[pri:0, instance:com.actitime.testscript.CustomerModule@5f3a4b84]" name="createCustomer" duration-ms="7" started-at="2022-11-03T23:20:39 IST" finished-at="2022-11-03T23:20:39 IST">
          <reporter-output>
            <line>
              <![CDATA[vicky ]]>
            </line>
          </reporter-output>
        </test-method> <!-- createCustomer -->
        <test-method status="PASS" signature="logout()[pri:0, instance:com.actitime.testscript.CustomerModule@5f3a4b84]" name="logout" is-config="true" duration-ms="12113" started-at="2022-11-03T23:20:39 IST" finished-at="2022-11-03T23:20:51 IST">
          <reporter-output>
            <line>
              <![CDATA[logout]]>
            </line>
          </reporter-output>
        </test-method> <!-- logout -->
        <test-method status="PASS" signature="closeBrowser()[pri:0, instance:com.actitime.testscript.CustomerModule@5f3a4b84]" name="closeBrowser" is-config="true" duration-ms="404" started-at="2022-11-03T23:20:51 IST" finished-at="2022-11-03T23:20:51 IST">
          <reporter-output>
            <line>
              <![CDATA[close browser]]>
            </line>
          </reporter-output>
        </test-method> <!-- closeBrowser -->
      </class> <!-- com.actitime.testscript.CustomerModule -->
    </test> <!-- Default test -->
  </suite> <!-- Default suite -->
</testng-results>
